2025-08-22 16:31:14,021 INFO:main.py:246:print_splash_screen:PDB2PQR v3.7.1: biomolecular structure conversion software.
2025-08-22 16:31:14,021 INFO:main.py:248:print_splash_screen:Please cite:  Jurrus E, et al.  Improvements to the APBS biomolecular solvation software suite.  Protein Sci 27 112-128 (2018).
2025-08-22 16:31:14,021 INFO:main.py:248:print_splash_screen:Please cite:  Dolinsky TJ, et al.  PDB2PQR: expanding and upgrading automated preparation of biomolecular structures for molecular simulations. Nucleic Acids Res 35 W522-W525 (2007).
2025-08-22 16:31:14,021 INFO:main.py:770:main_driver:Checking and transforming input arguments.
2025-08-22 16:31:14,022 INFO:main.py:774:main_driver:Loading topology files.
2025-08-22 16:31:14,059 INFO:main.py:776:main_driver:Loading molecule: fhuf_ecoli.pdb
2025-08-22 16:31:14,065 INFO:main.py:779:main_driver:Dropping water from structure.
2025-08-22 16:31:14,066 INFO:main.py:781:main_driver:Setting up molecule.
2025-08-22 16:31:14,072 INFO:main.py:423:setup_molecule:Created biomolecule object with 262 residues and 2118 atoms.
2025-08-22 16:31:14,072 INFO:main.py:785:main_driver:Setting termini states for biomolecule chains.
2025-08-22 16:31:14,076 INFO:main.py:616:non_trivial:Loading forcefield.
2025-08-22 16:31:14,083 INFO:main.py:620:non_trivial:Loading hydrogen topology definitions.
2025-08-22 16:31:14,085 INFO:main.py:474:is_repairable:This biomolecule is clean.  No repair needed.
2025-08-22 16:31:14,085 INFO:main.py:635:non_trivial:Updating disulfide bridges.
2025-08-22 16:31:14,085 INFO:main.py:638:non_trivial:Debumping biomolecule.
2025-08-22 16:31:14,126 INFO:main.py:645:non_trivial:Assigning titration states with PROPKA.
2025-08-22 16:31:14,137 INFO:output.py:74:print_header:
propka3.5.1                                                                                  2025-08-22

-------------------------------------------------------------------------------
--                                                                           --
--  PROPKA: A PROTEIN PKA PREDICTOR                                          --
--                                                                           --
--  VERSION 1.0,  04/25/2004,  IOWA CITY                                     --
--  BY HUI LI                                                                --
--                                                                           --
--  VERSION 2.0,  11/05/2007, IOWA CITY/COPENHAGEN                           --
--  BY DELPHINE C. BAS AND DAVID M. ROGERS                                   --
--                                                                           --
--  VERSION 3.0,  01/06/2011, COPENHAGEN                                     --
--  BY MATS H.M. OLSSON AND CHRESTEN R. SONDERGARD                           --
--                                                                           --
--  VERSION 3.1,  07/01/2011, COPENHAGEN                                     --
--  BY CHRESTEN R. SONDERGARD AND MATS H.M. OLSSON                           --
--                                                                           --
--  VERSION 3.2,  06/17/2020, PLANET EARTH                                   --
--  SEE ABOVE FOR AUTHORS                                                    --
--                                                                           --
-------------------------------------------------------------------------------


-------------------------------------------------------------------------------
References:

Very Fast Empirical Prediction and Rationalization of Protein pKa Values.
Hui Li, Andrew D. Robertson and Jan H. Jensen. PROTEINS: Structure, Function,
and Bioinformatics. 61:704-721 (2005)

Very Fast Prediction and Rationalization of pKa Values for Protein-Ligand
Complexes.  Delphine C. Bas, David M. Rogers and Jan H. Jensen.  PROTEINS:
Structure, Function, and Bioinformatics 73:765-783 (2008)

PROPKA3: Consistent Treatment of Internal and Surface Residues in Empirical
pKa predictions.  Mats H.M. Olsson, Chresten R. Sondergard, Michal Rostkowski,
and Jan H. Jensen.  Journal of Chemical Theory and Computation, 7(2):525-537
(2011)

Improved Treatment of Ligands and Coupling Effects in Empirical Calculation
and Rationalization of pKa Values.  Chresten R. Sondergaard, Mats H.M. Olsson,
Michal Rostkowski, and Jan H. Jensen.  Journal of Chemical Theory and
Computation, (2011)
-------------------------------------------------------------------------------



2025-08-22 16:31:14,204 INFO:conformation_container.py:124:find_covalently_coupled_groups:Coupling map:

2025-08-22 16:31:14,204 INFO:conformation_container.py:213:calculate_pka:Calculating pKas for Conformation container 1A with 2539 atoms and 646 groups
2025-08-22 16:31:14,429 INFO:output.py:225:print_pka_section:pKa determinants:

---------  -----   ------   ---------------------    --------------    --------------    --------------
                            DESOLVATION  EFFECTS       SIDECHAIN          BACKBONE        COULOMBIC
 RESIDUE    pKa    BURIED     REGULAR      RE        HYDROGEN BOND     HYDROGEN BOND      INTERACTION
---------  -----   ------   ---------   ---------    --------------    --------------    --------------

ASP  11 A   3.91     0 %    0.11   82   0.00    0    0.00 XXX   0 X    0.00 XXX   0 X    0.00 XXX   0 X

ASP  22 A   3.87     0 %    0.13  121   0.00    0    0.00 XXX   0 X    0.00 XXX   0 X   -0.05 LYS 116 A

ASP  47 A   4.14    19 %    0.88  334   0.18    0    0.00 XXX   0 X   -0.00 ASP  47 A   -0.06 ARG  30 A
ASP  47 A                                            0.00 XXX   0 X   -0.79 VAL 142 A    0.01 GLU  48 A
ASP  47 A                                            0.00 XXX   0 X    0.00 XXX   0 X   -0.01 HIS 124 A
ASP  47 A                                            0.00 XXX   0 X    0.00 XXX   0 X    0.12 ASP 141 A

ASP  75 A   3.06     0 %    0.32  267   0.00    0   -0.72 ARG  86 A    0.00 XXX   0 X   -0.34 ARG  86 A

ASP 119 A   2.76    26 %    1.02  355   0.03    0   -0.82 SER 121 A   -0.00 VAL 120 A   -0.38 HIS 124 A
ASP 119 A                                           -0.09 HIS 124 A   -0.80 SER 121 A    0.00 XXX   0 X

ASP 141 A   3.71    13 %    0.52  318   0.08    0   -0.23 HIS 126 A    0.00 XXX   0 X   -0.15 HIS 124 A
ASP 141 A                                            0.00 XXX   0 X    0.00 XXX   0 X   -0.31 HIS 126 A

ASP 145 A   3.58    18 %    0.88  331   0.01    0    0.00 XXX   0 X   -0.46 ASN 147 A   -0.03 ARG 156 A
ASP 145 A                                            0.00 XXX   0 X   -0.77 ALA 148 A    0.28 ASP 119 A
ASP 145 A                                            0.00 XXX   0 X    0.00 XXX   0 X   -0.01 HIS 124 A
ASP 145 A                                            0.00 XXX   0 X    0.00 XXX   0 X   -0.09 HIS 151 A
ASP 145 A                                            0.00 XXX   0 X    0.00 XXX   0 X   -0.03 HIS 155 A

ASP 225 A   3.77     0 %    0.20  213   0.00    0    0.00 XXX   0 X    0.00 XXX   0 X   -0.00 LYS 181 A
ASP 225 A                                            0.00 XXX   0 X    0.00 XXX   0 X   -0.23 LYS 218 A

ASP 236 A   3.89     0 %    0.14  114   0.00    0    0.00 XXX   0 X   -0.00 ASP 236 A   -0.05 ARG 235 A

ASP 252 A   3.20     0 %    0.32  222   0.00    0   -0.81 ASN  80 A    0.00 XXX   0 X   -0.12 ARG  79 A

ASP 258 A   3.13     6 %    0.35  297   0.00    0   -0.85 TYR 189 A    0.00 XXX   0 X   -0.08 ARG 241 A
ASP 258 A                                            0.00 XXX   0 X    0.00 XXX   0 X   -0.08 LYS 262 A

GLU  10 A   4.56     0 %    0.06   80   0.00    0    0.00 XXX   0 X    0.00 XXX   0 X    0.00 XXX   0 X

GLU  38 A   4.64     0 %    0.13  159   0.00    0    0.00 XXX   0 X    0.00 XXX   0 X   -0.02 HIS  39 A
GLU  38 A                                            0.00 XXX   0 X    0.00 XXX   0 X    0.04 GLU  42 A

GLU  42 A   4.57     0 %    0.21  217   0.00    0    0.00 XXX   0 X    0.00 XXX   0 X   -0.03 ARG  45 A
GLU  42 A                                            0.00 XXX   0 X    0.00 XXX   0 X   -0.11 HIS  39 A

GLU  48 A   3.76     3 %    0.56  291   0.01    0   -0.69 ARG  30 A   -0.01 LEU  46 A   -0.25 ARG  45 A
GLU  48 A                                            0.00 XXX   0 X    0.00 XXX   0 X   -0.36 ARG  30 A

GLU  87 A   4.05     0 %    0.49  280   0.00    0   -0.54 ARG 249 A    0.00 XXX   0 X   -0.02 LYS  89 A
GLU  87 A                                            0.00 XXX   0 X    0.00 XXX   0 X   -0.38 ARG 249 A

GLU 115 A   4.56     0 %    0.11  195   0.00    0    0.00 XXX   0 X    0.00 XXX   0 X   -0.08 LYS 116 A
GLU 115 A                                            0.00 XXX   0 X    0.00 XXX   0 X   -0.03 ARG 156 A
GLU 115 A                                            0.00 XXX   0 X    0.00 XXX   0 X    0.01 ASP  22 A
GLU 115 A                                            0.00 XXX   0 X    0.00 XXX   0 X    0.04 GLU 144 A

GLU 123 A   4.08     2 %    0.43  288   0.00    0    0.00 XXX   0 X   -0.77 GLU 123 A    0.18 ASP 119 A
GLU 123 A                                            0.00 XXX   0 X    0.00 XXX   0 X   -0.25 HIS 124 A

GLU 128 A   4.36    15 %    0.62  324   0.02    0   -0.69 TRP 139 A    0.00 XXX   0 X   -0.07 ARG  45 A
GLU 128 A                                            0.00 XXX   0 X    0.00 XXX   0 X   -0.02 HIS 130 A

GLU 131 A   4.35     0 %    0.14  172   0.00    0    0.00 XXX   0 X    0.00 XXX   0 X   -0.01 ARG 134 A
GLU 131 A                                            0.00 XXX   0 X    0.00 XXX   0 X   -0.05 HIS  76 A
GLU 131 A                                            0.00 XXX   0 X    0.00 XXX   0 X   -0.23 HIS 130 A

GLU 144 A   3.71     0 %    0.51  248   0.00    0   -0.30 THR 149 A    0.00 XXX   0 X   -0.17 LYS 146 A
GLU 144 A                                           -0.47 LYS 116 A    0.00 XXX   0 X   -0.02 ARG 156 A
GLU 144 A                                            0.00 XXX   0 X    0.00 XXX   0 X    0.03 ASP 145 A
GLU 144 A                                            0.00 XXX   0 X    0.00 XXX   0 X   -0.38 LYS 116 A

GLU 158 A   3.73    30 %    1.50  366   0.14    0   -0.76 GLN 154 A   -0.56 THR 221 A   -0.01 HIS 151 A
GLU 158 A                                           -0.85 THR 221 A    0.00 XXX   0 X   -0.23 HIS 155 A

GLU 173 A   4.41    15 %    0.62  322   0.08    0    0.00 XXX   0 X   -0.76 GLY 180 A   -0.03 LYS 181 A

GLU 177 A   4.71    17 %    0.72  329   0.05    0   -0.56 ASN  88 A    0.00 XXX   0 X    0.00 XXX   0 X

GLU 197 A   4.16     6 %    0.42  299   0.01    0   -0.38 ARG  37 A    0.00 XXX   0 X   -0.03 HIS  39 A
GLU 197 A                                            0.00 XXX   0 X    0.00 XXX   0 X   -0.36 ARG  37 A

GLU 204 A   3.47     0 %    0.24  166   0.00    0   -0.85 LYS 199 A    0.00 XXX   0 X   -0.04 ARG 211 A
GLU 204 A                                            0.00 XXX   0 X    0.00 XXX   0 X   -0.38 LYS 199 A

GLU 208 A   3.99    10 %    0.55  308   0.02    0   -0.62 ARG 211 A    0.00 XXX   0 X   -0.18 LYS 199 A
GLU 208 A                                            0.00 XXX   0 X    0.00 XXX   0 X    0.14 GLU 204 A
GLU 208 A                                            0.00 XXX   0 X    0.00 XXX   0 X   -0.01 HIS 212 A
GLU 208 A                                            0.00 XXX   0 X    0.00 XXX   0 X   -0.42 ARG 211 A

GLU 217 A   4.50     0 %    0.26  245   0.00    0    0.00 XXX   0 X    0.00 XXX   0 X   -0.26 HIS 212 A

GLU 224 A   4.09     0 %    0.23  224   0.00    0   -0.67 ASN 222 A    0.00 XXX   0 X    0.01 GLU 158 A
GLU 224 A                                            0.00 XXX   0 X    0.00 XXX   0 X    0.02 ASP 225 A

C-  262 A   3.26     0 %    0.14  138   0.00    0    0.00 XXX   0 X    0.00 XXX   0 X   -0.01 ARG 235 A
C-  262 A                                            0.00 XXX   0 X    0.00 XXX   0 X   -0.07 LYS 262 A

HIS  17 A   6.40     0 %   -0.10   77   0.00    0    0.00 XXX   0 X    0.00 XXX   0 X    0.00 XXX   0 X

HIS  36 A   5.75     0 %   -0.45  273   0.00    0    0.00 XXX   0 X    0.00 XXX   0 X   -0.24 LYS  35 A
HIS  36 A                                            0.00 XXX   0 X    0.00 XXX   0 X   -0.06 ARG  37 A

HIS  39 A   5.94    12 %   -0.57  314   0.00    0    0.00 XXX   0 X    0.00 XXX   0 X   -0.15 ARG  37 A
HIS  39 A                                            0.00 XXX   0 X    0.00 XXX   0 X    0.02 GLU  38 A
HIS  39 A                                            0.00 XXX   0 X    0.00 XXX   0 X    0.11 GLU  42 A
HIS  39 A                                            0.00 XXX   0 X    0.00 XXX   0 X    0.03 GLU 197 A

HIS  76 A   5.28    15 %   -0.72  322   0.00    0    0.00 XXX   0 X    0.00 XXX   0 X   -0.38 ARG  79 A
HIS  76 A                                            0.00 XXX   0 X    0.00 XXX   0 X   -0.08 ARG 134 A
HIS  76 A                                            0.00 XXX   0 X    0.00 XXX   0 X   -0.10 HIS 130 A
HIS  76 A                                            0.00 XXX   0 X    0.00 XXX   0 X    0.05 GLU 131 A

HIS 124 A   6.63    20 %   -0.75  337   0.00    0    0.09 ASP 119 A    0.00 XXX   0 X    0.01 ASP  47 A
HIS 124 A                                            0.00 XXX   0 X    0.00 XXX   0 X    0.38 ASP 119 A
HIS 124 A                                            0.00 XXX   0 X    0.00 XXX   0 X    0.25 GLU 123 A
HIS 124 A                                            0.00 XXX   0 X    0.00 XXX   0 X    0.15 ASP 141 A
HIS 124 A                                            0.00 XXX   0 X    0.00 XXX   0 X    0.01 ASP 145 A

HIS 126 A   6.29    21 %   -0.72  340   0.00    0    0.23 ASP 141 A    0.00 XXX   0 X   -0.04 HIS 124 A
HIS 126 A                                            0.00 XXX   0 X    0.00 XXX   0 X    0.31 ASP 141 A

HIS 130 A   5.96     1 %   -0.44  285   0.00    0    0.00 XXX   0 X    0.00 XXX   0 X   -0.35 ARG 134 A
HIS 130 A                                            0.00 XXX   0 X    0.00 XXX   0 X    0.02 GLU 128 A
HIS 130 A                                            0.00 XXX   0 X    0.00 XXX   0 X    0.23 GLU 131 A

HIS 151 A   5.72     0 %   -0.45  259   0.00    0    0.00 XXX   0 X    0.00 XXX   0 X   -0.06 ARG 156 A
HIS 151 A                                            0.00 XXX   0 X    0.00 XXX   0 X    0.09 ASP 145 A
HIS 151 A                                            0.00 XXX   0 X    0.00 XXX   0 X   -0.38 HIS 155 A
HIS 151 A                                            0.00 XXX   0 X    0.00 XXX   0 X    0.01 GLU 158 A

HIS 155 A   6.19    12 %   -0.57  316   0.00    0    0.00 XXX   0 X    0.00 XXX   0 X   -0.00 ARG 156 A
HIS 155 A                                            0.00 XXX   0 X    0.00 XXX   0 X    0.03 ASP 145 A
HIS 155 A                                            0.00 XXX   0 X    0.00 XXX   0 X    0.23 GLU 158 A

HIS 212 A   6.47     0 %   -0.29  264   0.00    0    0.00 XXX   0 X    0.00 XXX   0 X    0.01 GLU 208 A
HIS 212 A                                            0.00 XXX   0 X    0.00 XXX   0 X    0.26 GLU 217 A

CYS 137 A  11.06    53 %    2.19  431   0.00    0    0.00 XXX   0 X   -0.08 PHE 138 A   -0.42 ARG  45 A
CYS 137 A                                            0.00 XXX   0 X    0.00 XXX   0 X    0.08 GLU  48 A
CYS 137 A                                            0.00 XXX   0 X    0.00 XXX   0 X    0.29 GLU 128 A

CYS 143 A   9.91     5 %    0.48  296   0.00    0    0.00 XXX   0 X    0.00 XXX   0 X    0.13 ASP  47 A
CYS 143 A                                            0.00 XXX   0 X    0.00 XXX   0 X    0.17 ASP 119 A
CYS 143 A                                            0.00 XXX   0 X    0.00 XXX   0 X    0.02 GLU 123 A
CYS 143 A                                            0.00 XXX   0 X    0.00 XXX   0 X    0.12 ASP 141 A

CYS 244 A  10.18    28 %    1.34  360   0.00    0   -0.04 THR 260 A   -0.79 GLN 246 A   -0.16 ARG 241 A
CYS 244 A                                            0.06 CYS 259 A    0.00 XXX   0 X   -0.01 ARG 247 A
CYS 244 A                                            0.11 CYS 245 A    0.00 XXX   0 X   -0.05 ARG 249 A
CYS 244 A                                            0.00 XXX   0 X    0.00 XXX   0 X    0.29 CYS 259 A
CYS 244 A                                            0.00 XXX   0 X    0.00 XXX   0 X    0.43 CYS 245 A

CYS 245 A   8.30*   54 %    1.97  433   0.00    0   -0.11 CYS 244 A   -0.19 CYS 245 A   -0.44 ARG 247 A
CYS 245 A                                           -0.49 CYS 256 A   -0.82 ARG 247 A   -0.61 ARG 241 A

CYS 256 A  11.09*   31 %    1.14  367   0.00    0    0.17 CYS 259 A   -0.18 CYS 256 A   -0.49 ARG 241 A
CYS 256 A                                            0.49 CYS 245 A    0.00 XXX   0 X   -0.22 ARG 247 A
CYS 256 A                                            0.00 XXX   0 X    0.00 XXX   0 X   -0.08 LYS 262 A
CYS 256 A                                            0.00 XXX   0 X    0.00 XXX   0 X    0.21 CYS 244 A
CYS 256 A                                            0.00 XXX   0 X    0.00 XXX   0 X    0.13 ASP 258 A
CYS 256 A                                            0.00 XXX   0 X    0.00 XXX   0 X    0.33 CYS 259 A
CYS 256 A                                            0.00 XXX   0 X    0.00 XXX   0 X    0.59 CYS 245 A

CYS 259 A   8.65     0 %    0.58  254   0.00    0   -0.06 CYS 244 A   -0.79 LEU 261 A   -0.06 ARG 241 A
CYS 259 A                                           -0.17 CYS 256 A    0.00 XXX   0 X   -0.14 LYS 262 A
CYS 259 A                                            0.00 XXX   0 X    0.00 XXX   0 X    0.18 CYS 245 A
CYS 259 A                                            0.00 XXX   0 X    0.00 XXX   0 X    0.01 ASP 258 A
CYS 259 A                                            0.00 XXX   0 X    0.00 XXX   0 X    0.09 C-  262 A

TYR   3 A  10.04     0 %    0.04   34   0.00    0    0.00 XXX   0 X    0.00 XXX   0 X    0.00 XXX   0 X

TYR   9 A  10.03     0 %    0.03   62   0.00    0    0.00 XXX   0 X    0.00 XXX   0 X    0.00 XXX   0 X

TYR  73 A  12.48    78 %    3.11  499   0.00    0   -0.33 TRP  98 A    0.00 XXX   0 X   -0.01 ARG  79 A
TYR  73 A                                            0.00 XXX   0 X    0.00 XXX   0 X   -0.16 ARG 134 A
TYR  73 A                                            0.00 XXX   0 X    0.00 XXX   0 X   -0.13 ARG 247 A

TYR  78 A  10.69    27 %    1.43  358   0.00    0    0.00 XXX   0 X   -0.85 GLU  87 A   -0.08 ARG  86 A
TYR  78 A                                            0.00 XXX   0 X    0.00 XXX   0 X    0.20 GLU  87 A
TYR  78 A                                            0.00 XXX   0 X    0.00 XXX   0 X   -0.01 ARG 249 A

TYR  99 A  12.75   100 %    3.37  590   0.00    0   -0.63 TRP  60 A    0.00 XXX   0 X    0.00 XXX   0 X

TYR 189 A  12.15    36 %    0.95  381   0.00    0    0.85 ASP 258 A    0.00 XXX   0 X   -0.30 ARG 241 A
TYR 189 A                                            0.00 XXX   0 X    0.00 XXX   0 X    0.04 CYS 245 A
TYR 189 A                                            0.00 XXX   0 X    0.00 XXX   0 X   -0.04 ARG 247 A
TYR 189 A                                            0.00 XXX   0 X    0.00 XXX   0 X    0.19 CYS 256 A
TYR 189 A                                            0.00 XXX   0 X    0.00 XXX   0 X    0.46 ASP 258 A

TYR 194 A  12.26    66 %    2.51  466   0.00    0   -0.01 ARG  37 A    0.00 XXX   0 X   -0.32 ARG  37 A
TYR 194 A                                            0.00 XXX   0 X    0.00 XXX   0 X    0.07 GLU 197 A

TYR 248 A   9.83     0 %    0.43  263   0.00    0   -0.58 ARG 249 A    0.00 XXX   0 X    0.11 GLU  87 A
TYR 248 A                                            0.00 XXX   0 X    0.00 XXX   0 X    0.22 CYS 244 A
TYR 248 A                                            0.00 XXX   0 X    0.00 XXX   0 X    0.02 CYS 245 A
TYR 248 A                                            0.00 XXX   0 X    0.00 XXX   0 X    0.04 CYS 259 A
TYR 248 A                                            0.00 XXX   0 X    0.00 XXX   0 X   -0.03 LYS  89 A
TYR 248 A                                            0.00 XXX   0 X    0.00 XXX   0 X   -0.38 ARG 249 A

LYS  35 A  10.37     0 %   -0.13  173   0.00    0    0.00 XXX   0 X    0.00 XXX   0 X    0.00 XXX   0 X

LYS  89 A  10.18     7 %   -0.30  301   0.00    0    0.00 XXX   0 X    0.00 XXX   0 X    0.02 GLU  87 A
LYS  89 A                                            0.00 XXX   0 X    0.00 XXX   0 X   -0.07 ARG 249 A
LYS  89 A                                            0.00 XXX   0 X    0.00 XXX   0 X    0.03 TYR 248 A

LYS 116 A  11.26     0 %   -0.22  223   0.00    0    0.47 GLU 144 A    0.00 XXX   0 X    0.05 ASP  22 A
LYS 116 A                                            0.00 XXX   0 X    0.00 XXX   0 X    0.08 GLU 115 A
LYS 116 A                                            0.00 XXX   0 X    0.00 XXX   0 X    0.38 GLU 144 A

LYS 146 A  10.52     0 %   -0.08  136   0.00    0    0.00 XXX   0 X    0.00 XXX   0 X    0.17 GLU 144 A
LYS 146 A                                            0.00 XXX   0 X    0.00 XXX   0 X   -0.07 LYS 116 A

LYS 181 A  10.38     0 %   -0.11  213   0.00    0    0.00 XXX   0 X    0.00 XXX   0 X    0.03 GLU 173 A
LYS 181 A                                            0.00 XXX   0 X    0.00 XXX   0 X    0.00 ASP 225 A
LYS 181 A                                            0.00 XXX   0 X    0.00 XXX   0 X   -0.04 ARG 242 A

LYS 199 A  11.38     0 %   -0.40  206   0.00    0    0.85 GLU 204 A    0.00 XXX   0 X    0.18 GLU 208 A
LYS 199 A                                            0.00 XXX   0 X    0.00 XXX   0 X   -0.13 ARG 211 A
LYS 199 A                                            0.00 XXX   0 X    0.00 XXX   0 X    0.38 GLU 204 A

LYS 218 A  10.61     0 %   -0.12  143   0.00    0    0.00 XXX   0 X    0.00 XXX   0 X    0.23 ASP 225 A

LYS 262 A  10.65     0 %   -0.21  158   0.00    0    0.00 XXX   0 X    0.00 XXX   0 X    0.08 CYS 256 A
LYS 262 A                                            0.00 XXX   0 X    0.00 XXX   0 X    0.08 ASP 258 A
LYS 262 A                                            0.00 XXX   0 X    0.00 XXX   0 X    0.14 CYS 259 A
LYS 262 A                                            0.00 XXX   0 X    0.00 XXX   0 X    0.07 C-  262 A

ARG   4 A  12.48     0 %   -0.02   43   0.00    0    0.00 XXX   0 X    0.00 XXX   0 X    0.00 XXX   0 X

ARG  15 A  12.45     0 %   -0.05   72   0.00    0    0.00 XXX   0 X    0.00 XXX   0 X    0.00 XXX   0 X

ARG  30 A  13.07    12 %   -0.54  315   0.00    0    0.69 GLU  48 A    0.00 XXX   0 X    0.06 ASP  47 A
ARG  30 A                                            0.00 XXX   0 X    0.00 XXX   0 X    0.36 GLU  48 A

ARG  37 A  12.90    16 %   -0.67  326   0.00    0    0.01 TYR 194 A    0.00 XXX   0 X    0.32 TYR 194 A
ARG  37 A                                            0.38 GLU 197 A    0.00 XXX   0 X    0.36 GLU 197 A

ARG  45 A  12.59    16 %   -0.60  327   0.00    0    0.00 XXX   0 X    0.00 XXX   0 X    0.03 GLU  42 A
ARG  45 A                                            0.00 XXX   0 X    0.00 XXX   0 X    0.25 GLU  48 A
ARG  45 A                                            0.00 XXX   0 X    0.00 XXX   0 X    0.07 GLU 128 A
ARG  45 A                                            0.00 XXX   0 X    0.00 XXX   0 X    0.42 CYS 137 A
ARG  45 A                                            0.00 XXX   0 X    0.00 XXX   0 X   -0.09 ARG  30 A

ARG  79 A  12.27     0 %   -0.35  244   0.00    0    0.00 XXX   0 X    0.00 XXX   0 X    0.01 TYR  73 A
ARG  79 A                                            0.00 XXX   0 X    0.00 XXX   0 X    0.12 ASP 252 A

ARG  86 A  13.24     0 %   -0.40  261   0.00    0    0.72 ASP  75 A    0.00 XXX   0 X    0.08 TYR  78 A
ARG  86 A                                            0.00 XXX   0 X    0.00 XXX   0 X    0.34 ASP  75 A

ARG 134 A  11.58    35 %   -1.09  380   0.00    0    0.00 XXX   0 X    0.00 XXX   0 X    0.16 TYR  73 A
ARG 134 A                                            0.00 XXX   0 X    0.00 XXX   0 X    0.01 GLU 131 A

ARG 156 A  11.53    27 %   -1.05  356   0.00    0    0.00 XXX   0 X    0.00 XXX   0 X    0.03 GLU 115 A
ARG 156 A                                            0.00 XXX   0 X    0.00 XXX   0 X    0.02 GLU 144 A
ARG 156 A                                            0.00 XXX   0 X    0.00 XXX   0 X    0.03 ASP 145 A

ARG 211 A  12.44    35 %   -1.14  380   0.00    0    0.62 GLU 208 A    0.00 XXX   0 X    0.04 GLU 204 A
ARG 211 A                                            0.00 XXX   0 X    0.00 XXX   0 X    0.42 GLU 208 A

ARG 230 A  12.28     0 %   -0.22  228   0.00    0    0.00 XXX   0 X    0.00 XXX   0 X    0.00 XXX   0 X

ARG 235 A  12.31     0 %   -0.25  233   0.00    0    0.00 XXX   0 X    0.00 XXX   0 X    0.05 ASP 236 A
ARG 235 A                                            0.00 XXX   0 X    0.00 XXX   0 X    0.01 C-  262 A

ARG 241 A  11.82    73 %   -2.15  486   0.00    0    0.00 XXX   0 X    0.00 XXX   0 X    0.30 TYR 189 A
ARG 241 A                                            0.00 XXX   0 X    0.00 XXX   0 X    0.16 CYS 244 A
ARG 241 A                                            0.00 XXX   0 X    0.00 XXX   0 X    0.49 CYS 256 A
ARG 241 A                                            0.00 XXX   0 X    0.00 XXX   0 X    0.08 ASP 258 A
ARG 241 A                                            0.00 XXX   0 X    0.00 XXX   0 X    0.06 CYS 259 A
ARG 241 A                                            0.00 XXX   0 X    0.00 XXX   0 X   -0.23 ARG 247 A
ARG 241 A                                            0.00 XXX   0 X    0.00 XXX   0 X    0.61 CYS 245 A

ARG 242 A  11.84     3 %   -0.34  291   0.00    0    0.00 XXX   0 X    0.00 XXX   0 X   -0.31 ARG 230 A
ARG 242 A                                            0.00 XXX   0 X    0.00 XXX   0 X   -0.01 ARG 235 A

ARG 247 A  12.12    57 %   -1.21  441   0.00    0    0.00 XXX   0 X    0.00 XXX   0 X    0.13 TYR  73 A
ARG 247 A                                            0.00 XXX   0 X    0.00 XXX   0 X    0.04 TYR 189 A
ARG 247 A                                            0.00 XXX   0 X    0.00 XXX   0 X    0.01 CYS 244 A
ARG 247 A                                            0.00 XXX   0 X    0.00 XXX   0 X    0.44 CYS 245 A
ARG 247 A                                            0.00 XXX   0 X    0.00 XXX   0 X    0.22 CYS 256 A

ARG 249 A  14.15     0 %   -0.30  245   0.00    0    0.54 GLU  87 A    0.00 XXX   0 X    0.01 TYR  78 A
ARG 249 A                                            0.58 TYR 248 A    0.00 XXX   0 X    0.05 CYS 244 A
ARG 249 A                                            0.00 XXX   0 X    0.00 XXX   0 X    0.38 GLU  87 A
ARG 249 A                                            0.00 XXX   0 X    0.00 XXX   0 X    0.38 TYR 248 A

N+    1 A   7.92     0 %   -0.08   33   0.00    0    0.00 XXX   0 X    0.00 XXX   0 X    0.00 XXX   0 X

Coupled residues (marked *) were detected.Please rerun PropKa with the --display-coupled-residues 
or -d option for detailed information.

2025-08-22 16:31:14,429 INFO:output.py:227:print_pka_section:pKa summary:
--------------------------------------------------------------------------------------------------------
SUMMARY OF THIS PREDICTION
       Group      pKa  model-pKa   ligand atom-type
   ASP  11 A     3.91       3.80                      
   ASP  22 A     3.87       3.80                      
   ASP  47 A     4.14       3.80                      
   ASP  75 A     3.06       3.80                      
   ASP 119 A     2.76       3.80                      
   ASP 141 A     3.71       3.80                      
   ASP 145 A     3.58       3.80                      
   ASP 225 A     3.77       3.80                      
   ASP 236 A     3.89       3.80                      
   ASP 252 A     3.20       3.80                      
   ASP 258 A     3.13       3.80                      
   GLU  10 A     4.56       4.50                      
   GLU  38 A     4.64       4.50                      
   GLU  42 A     4.57       4.50                      
   GLU  48 A     3.76       4.50                      
   GLU  87 A     4.05       4.50                      
   GLU 115 A     4.56       4.50                      
   GLU 123 A     4.08       4.50                      
   GLU 128 A     4.36       4.50                      
   GLU 131 A     4.35       4.50                      
   GLU 144 A     3.71       4.50                      
   GLU 158 A     3.73       4.50                      
   GLU 173 A     4.41       4.50                      
   GLU 177 A     4.71       4.50                      
   GLU 197 A     4.16       4.50                      
   GLU 204 A     3.47       4.50                      
   GLU 208 A     3.99       4.50                      
   GLU 217 A     4.50       4.50                      
   GLU 224 A     4.09       4.50                      
   C-  262 A     3.26       3.20                      
   HIS  17 A     6.40       6.50                      
   HIS  36 A     5.75       6.50                      
   HIS  39 A     5.94       6.50                      
   HIS  76 A     5.28       6.50                      
   HIS 124 A     6.63       6.50                      
   HIS 126 A     6.29       6.50                      
   HIS 130 A     5.96       6.50                      
   HIS 151 A     5.72       6.50                      
   HIS 155 A     6.19       6.50                      
   HIS 212 A     6.47       6.50                      
   CYS 137 A    11.06       9.00                      
   CYS 143 A     9.91       9.00                      
   CYS 244 A    10.18       9.00                      
   CYS 245 A     8.30       9.00                      
   CYS 256 A    11.09       9.00                      
   CYS 259 A     8.65       9.00                      
   TYR   3 A    10.04      10.00                      
   TYR   9 A    10.03      10.00                      
   TYR  73 A    12.48      10.00                      
   TYR  78 A    10.69      10.00                      
   TYR  99 A    12.75      10.00                      
   TYR 189 A    12.15      10.00                      
   TYR 194 A    12.26      10.00                      
   TYR 248 A     9.83      10.00                      
   LYS  35 A    10.37      10.50                      
   LYS  89 A    10.18      10.50                      
   LYS 116 A    11.26      10.50                      
   LYS 146 A    10.52      10.50                      
   LYS 181 A    10.38      10.50                      
   LYS 199 A    11.38      10.50                      
   LYS 218 A    10.61      10.50                      
   LYS 262 A    10.65      10.50                      
   ARG   4 A    12.48      12.50                      
   ARG  15 A    12.45      12.50                      
   ARG  30 A    13.07      12.50                      
   ARG  37 A    12.90      12.50                      
   ARG  45 A    12.59      12.50                      
   ARG  79 A    12.27      12.50                      
   ARG  86 A    13.24      12.50                      
   ARG 134 A    11.58      12.50                      
   ARG 156 A    11.53      12.50                      
   ARG 211 A    12.44      12.50                      
   ARG 230 A    12.28      12.50                      
   ARG 235 A    12.31      12.50                      
   ARG 241 A    11.82      12.50                      
   ARG 242 A    11.84      12.50                      
   ARG 247 A    12.12      12.50                      
   ARG 249 A    14.15      12.50                      
   N+    1 A     7.92       8.00                      

2025-08-22 16:31:14,442 INFO:main.py:648:non_trivial:PROPKA information:
--------------------------------------------------------------------------------------------------------
Free energy of   folding (kcal/mol) as a function of pH (using neutral reference)
  0.00     20.00
  1.00     19.98
  2.00     19.77
  3.00     18.27
  4.00     13.86
  5.00      9.59
  6.00      6.60
  7.00      3.91
  8.00      3.18
  9.00      3.91
 10.00      8.42
 11.00     15.78
 12.00     20.53
 13.00     22.41
 14.00     23.96

The pH of optimum stability is  8.2 for which the free energy is    3.2 kcal/mol at 298K
Could not determine pH values where the free energy is within 80 % of minimum
Could not determine the pH-range where the free energy is negative


Protein charge of folded and unfolded state as a function of pH
    pH  unfolded  folded
  0.00     35.00   34.99
  0.10     35.00   34.99
  0.20     35.00   34.99
  0.30     34.99   34.99
  0.40     34.99   34.98
  0.50     34.99   34.98
  0.60     34.99   34.97
  0.70     34.99   34.96
  0.80     34.98   34.95
  0.90     34.98   34.94
  1.00     34.97   34.93
  1.10     34.96   34.91
  1.20     34.95   34.89
  1.30     34.94   34.86
  1.40     34.93   34.82
  1.50     34.91   34.78
  1.60     34.88   34.72
  1.70     34.85   34.65
  1.80     34.82   34.57
  1.90     34.77   34.46
  2.00     34.71   34.33
  2.10     34.64   34.17
  2.20     34.55   33.97
  2.30     34.44   33.74
  2.40     34.30   33.45
  2.50     34.13   33.12
  2.60     33.92   32.72
  2.70     33.67   32.26
  2.80     33.36   31.72
  2.90     32.99   31.11
  3.00     32.55   30.41
  3.10     32.03   29.63
  3.20     31.43   28.76
  3.30     30.73   27.81
  3.40     29.92   26.77
  3.50     29.01   25.65
  3.60     28.00   24.46
  3.70     26.89   23.20
  3.80     25.69   21.89
  3.90     24.40   20.55
  4.00     23.04   19.18
  4.10     21.62   17.81
  4.20     20.16   16.45
  4.30     18.69   15.11
  4.40     17.22   13.82
  4.50     15.78   12.59
  4.60     14.39   11.42
  4.70     13.07   10.32
  4.80     11.84    9.29
  4.90     10.71    8.34
  5.00      9.68    7.45
  5.10      8.77    6.63
  5.20      7.95    5.87
  5.30      7.21    5.15
  5.40      6.55    4.47
  5.50      5.94    3.81
  5.60      5.38    3.18
  5.70      4.83    2.56
  5.80      4.30    1.95
  5.90      3.76    1.35
  6.00      3.20    0.76
  6.10      2.63    0.18
  6.20      2.03   -0.38
  6.30      1.41   -0.92
  6.40      0.78   -1.44
  6.50      0.15   -1.93
  6.60     -0.48   -2.38
  6.70     -1.09   -2.80
  6.80     -1.66   -3.18
  6.90     -2.20   -3.52
  7.00     -2.69   -3.83
  7.10     -3.14   -4.11
  7.20     -3.54   -4.37
  7.30     -3.90   -4.60
  7.40     -4.23   -4.81
  7.50     -4.53   -5.01
  7.60     -4.80   -5.21
  7.70     -5.07   -5.40
  7.80     -5.32   -5.59
  7.90     -5.58   -5.78
  8.00     -5.84   -5.98
  8.10     -6.11   -6.18
  8.20     -6.40   -6.38
  8.30     -6.71   -6.59
  8.40     -7.05   -6.80
  8.50     -7.43   -7.01
  8.60     -7.84   -7.23
  8.70     -8.28   -7.46
  8.80     -8.77   -7.69
  8.90     -9.29   -7.92
  9.00     -9.85   -8.18
  9.10    -10.45   -8.45
  9.20    -11.08   -8.74
  9.30    -11.75   -9.06
  9.40    -12.45   -9.42
  9.50    -13.18   -9.83
  9.60    -13.96  -10.27
  9.70    -14.77  -10.77
  9.80    -15.62  -11.33
  9.90    -16.50  -11.93
 10.00    -17.41  -12.59
 10.10    -18.35  -13.29
 10.20    -19.29  -14.03
 10.30    -20.23  -14.80
 10.40    -21.15  -15.60
 10.50    -22.05  -16.42
 10.60    -22.90  -17.25
 10.70    -23.70  -18.09
 10.80    -24.45  -18.93
 10.90    -25.14  -19.78
 11.00    -25.78  -20.63
 11.10    -26.37  -21.48
 11.20    -26.92  -22.34
 11.30    -27.44  -23.21
 11.40    -27.95  -24.08
 11.50    -28.46  -24.97
 11.60    -28.99  -25.88
 11.70    -29.55  -26.80
 11.80    -30.15  -27.75
 11.90    -30.80  -28.71
 12.00    -31.51  -29.69
 12.10    -32.29  -30.68
 12.20    -33.13  -31.68
 12.30    -34.02  -32.68
 12.40    -34.95  -33.66
 12.50    -35.89  -34.62
 12.60    -36.83  -35.55
 12.70    -37.74  -36.43
 12.80    -38.60  -37.26
 12.90    -39.40  -38.03
 13.00    -40.12  -38.74
 13.10    -40.76  -39.39
 13.20    -41.32  -39.97
 13.30    -41.79  -40.49
 13.40    -42.20  -40.95
 13.50    -42.53  -41.36
 13.60    -42.81  -41.71
 13.70    -43.04  -42.03
 13.80    -43.23  -42.30
 13.90    -43.38  -42.54
 14.00    -43.51  -42.75
The pI is  6.13 (folded) and  6.52 (unfolded)

--------------------------------------------------------------------------------------------------------
2025-08-22 16:31:14,442 INFO:biomolecule.py:797:apply_pka_values:Applying pKa values at a pH of 7.00:
2025-08-22 16:31:14,443 INFO:main.py:661:non_trivial:Adding hydrogens to biomolecule.
2025-08-22 16:31:14,601 INFO:main.py:664:non_trivial:Debumping biomolecule (again).
2025-08-22 16:31:14,813 INFO:main.py:666:non_trivial:Optimizing hydrogen bonds
2025-08-22 16:31:15,144 INFO:main.py:678:non_trivial:Applying force field to biomolecule states.
2025-08-22 16:31:15,147 INFO:main.py:719:non_trivial:Applying custom naming scheme (charmm).
2025-08-22 16:31:15,158 INFO:main.py:725:non_trivial:Regenerating headers.
2025-08-22 16:31:15,159 INFO:main.py:750:non_trivial:Regenerating PDB lines.
2025-08-22 16:31:15,176 WARNING:main.py:326:print_pqr:Ignoring 542 header lines in output.
